This file contains any messages produced by compilers while
running configure, to aid debugging if configure makes a mistake.

It was created by configure, which was
generated by GNU Autoconf 2.59.  Invocation command line was

  $ ./configure --no-create --no-recursion

## --------- ##
## Platform. ##
## --------- ##

hostname = localhost
uname -m = i686
uname -r = 2.6.8.1-10mdk
uname -s = Linux
uname -v = #1 Wed Sep 8 17:00:52 CEST 2004

/usr/bin/uname -p = unknown
/bin/uname -X     = unknown

/bin/arch              = i686
/usr/bin/arch -k       = unknown
/usr/convex/getsysinfo = unknown
hostinfo               = unknown
/bin/machine           = unknown
/usr/bin/oslevel       = unknown
/bin/universe          = unknown

PATH: /usr/bin
PATH: /bin
PATH: /usr/bin
PATH: /usr/local/bin
PATH: /usr/X11R6/bin/
PATH: /usr/games
PATH: /home/darken/bin


## ----------- ##
## Core tests. ##
## ----------- ##

configure:1349: checking for a BSD-compatible install
configure:1404: result: /usr/bin/install -c
configure:1415: checking whether build environment is sane
configure:1458: result: yes
configure:1523: checking for gawk
configure:1539: found /usr/bin/gawk
configure:1549: result: gawk
configure:1559: checking whether make sets $(MAKE)
configure:1579: result: yes
configure:1821: checking for gnome-config
configure:1839: found /usr/bin/gnome-config
configure:1852: result: /usr/bin/gnome-config
configure:1862: checking if /usr/bin/gnome-config works
configure:1865: result: yes
configure:1871: checking for orbit-config
configure:1902: result: no
configure:1911: checking for orbit-idl
configure:1942: result: no
configure:1949: checking for working ORBit environment
configure:1962: result: no
configure:1988: checking for gnorba libraries
configure:2004: result: no
configure:2120: checking for style of include used by make
configure:2148: result: GNU
configure:2219: checking for gcc
configure:2235: found /usr/bin/gcc
configure:2245: result: gcc
configure:2489: checking for C compiler version
configure:2492: gcc --version </dev/null >&5
gcc (GCC) 3.4.1 (Mandrakelinux 10.1 3.4.1-4mdk)
Copyright (C) 2004 Free Software Foundation, Inc.
This is free software; see the source for copying conditions.  There is NO
warranty; not even for MERCHANTABILITY or FITNESS FOR A PARTICULAR PURPOSE.

configure:2495: $? = 0
configure:2497: gcc -v </dev/null >&5
Reading specs from /usr/lib/gcc/i586-mandrake-linux-gnu/3.4.1/specs
Configured with: ../configure --prefix=/usr --libdir=/usr/lib --with-slibdir=/lib --mandir=/usr/share/man --infodir=/usr/share/info --enable-shared --enable-threads=posix --disable-checking --enable-long-long --enable-__cxa_atexit --enable-clocale=gnu --disable-libunwind-exceptions --enable-languages=c,c++,ada,f77,objc,java --host=i586-mandrake-linux-gnu --with-system-zlib
Thread model: posix
gcc version 3.4.1 (Mandrakelinux 10.1 3.4.1-4mdk)
configure:2500: $? = 0
configure:2502: gcc -V </dev/null >&5
gcc: `-V' option must have argument
configure:2505: $? = 1
configure:2528: checking for C compiler default output file name
configure:2531: gcc    conftest.c  >&5
configure:2534: $? = 0
configure:2580: result: a.out
configure:2585: checking whether the C compiler works
configure:2591: ./a.out
configure:2594: $? = 0
configure:2611: result: yes
configure:2618: checking whether we are cross compiling
configure:2620: result: no
configure:2623: checking for suffix of executables
configure:2625: gcc -o conftest    conftest.c  >&5
configure:2628: $? = 0
configure:2653: result: 
configure:2659: checking for suffix of object files
configure:2680: gcc -c   conftest.c >&5
configure:2683: $? = 0
configure:2705: result: o
configure:2709: checking whether we are using the GNU C compiler
configure:2733: gcc -c   conftest.c >&5
configure:2739: $? = 0
configure:2743: test -z 
			 || test ! -s conftest.err
configure:2746: $? = 0
configure:2749: test -s conftest.o
configure:2752: $? = 0
configure:2765: result: yes
configure:2771: checking whether gcc accepts -g
configure:2792: gcc -c -g  conftest.c >&5
configure:2798: $? = 0
configure:2802: test -z 
			 || test ! -s conftest.err
configure:2805: $? = 0
configure:2808: test -s conftest.o
configure:2811: $? = 0
configure:2822: result: yes
configure:2839: checking for gcc option to accept ANSI C
configure:2909: gcc  -c -g -O2  conftest.c >&5
configure:2915: $? = 0
configure:2919: test -z 
			 || test ! -s conftest.err
configure:2922: $? = 0
configure:2925: test -s conftest.o
configure:2928: $? = 0
configure:2946: result: none needed
configure:2964: gcc -c -g -O2  conftest.c >&5
conftest.c:2: error: syntax error before "me"
configure:2970: $? = 1
configure: failed program was:
| #ifndef __cplusplus
|   choke me
| #endif
configure:3105: checking dependency style of gcc
configure:3195: result: gcc3
configure:3213: checking for library containing strerror
configure:3243: gcc -o conftest -g -O2   conftest.c  >&5
configure:3249: $? = 0
configure:3253: test -z 
			 || test ! -s conftest.err
configure:3256: $? = 0
configure:3259: test -s conftest
configure:3262: $? = 0
configure:3332: result: none required
configure:3385: checking for gcc
configure:3411: result: gcc
configure:3655: checking for C compiler version
configure:3658: gcc --version </dev/null >&5
gcc (GCC) 3.4.1 (Mandrakelinux 10.1 3.4.1-4mdk)
Copyright (C) 2004 Free Software Foundation, Inc.
This is free software; see the source for copying conditions.  There is NO
warranty; not even for MERCHANTABILITY or FITNESS FOR A PARTICULAR PURPOSE.

configure:3661: $? = 0
configure:3663: gcc -v </dev/null >&5
Reading specs from /usr/lib/gcc/i586-mandrake-linux-gnu/3.4.1/specs
Configured with: ../configure --prefix=/usr --libdir=/usr/lib --with-slibdir=/lib --mandir=/usr/share/man --infodir=/usr/share/info --enable-shared --enable-threads=posix --disable-checking --enable-long-long --enable-__cxa_atexit --enable-clocale=gnu --disable-libunwind-exceptions --enable-languages=c,c++,ada,f77,objc,java --host=i586-mandrake-linux-gnu --with-system-zlib
Thread model: posix
gcc version 3.4.1 (Mandrakelinux 10.1 3.4.1-4mdk)
configure:3666: $? = 0
configure:3668: gcc -V </dev/null >&5
gcc: `-V' option must have argument
configure:3671: $? = 1
configure:3674: checking whether we are using the GNU C compiler
configure:3730: result: yes
configure:3736: checking whether gcc accepts -g
configure:3787: result: yes
configure:3804: checking for gcc option to accept ANSI C
configure:3911: result: none needed
configure:3929: gcc -c -g -O2  conftest.c >&5
conftest.c:2: error: syntax error before "me"
configure:3935: $? = 1
configure: failed program was:
| #ifndef __cplusplus
|   choke me
| #endif
configure:4070: checking dependency style of gcc
configure:4160: result: gcc3
configure:4223: checking for gcc
configure:4249: result: gcc
configure:4493: checking for C compiler version
configure:4496: gcc --version </dev/null >&5
gcc (GCC) 3.4.1 (Mandrakelinux 10.1 3.4.1-4mdk)
Copyright (C) 2004 Free Software Foundation, Inc.
This is free software; see the source for copying conditions.  There is NO
warranty; not even for MERCHANTABILITY or FITNESS FOR A PARTICULAR PURPOSE.

configure:4499: $? = 0
configure:4501: gcc -v </dev/null >&5
Reading specs from /usr/lib/gcc/i586-mandrake-linux-gnu/3.4.1/specs
Configured with: ../configure --prefix=/usr --libdir=/usr/lib --with-slibdir=/lib --mandir=/usr/share/man --infodir=/usr/share/info --enable-shared --enable-threads=posix --disable-checking --enable-long-long --enable-__cxa_atexit --enable-clocale=gnu --disable-libunwind-exceptions --enable-languages=c,c++,ada,f77,objc,java --host=i586-mandrake-linux-gnu --with-system-zlib
Thread model: posix
gcc version 3.4.1 (Mandrakelinux 10.1 3.4.1-4mdk)
configure:4504: $? = 0
configure:4506: gcc -V </dev/null >&5
gcc: `-V' option must have argument
configure:4509: $? = 1
configure:4512: checking whether we are using the GNU C compiler
configure:4568: result: yes
configure:4574: checking whether gcc accepts -g
configure:4625: result: yes
configure:4642: checking for gcc option to accept ANSI C
configure:4749: result: none needed
configure:4767: gcc -c -g -O2  conftest.c >&5
conftest.c:2: error: syntax error before "me"
configure:4773: $? = 1
configure: failed program was:
| #ifndef __cplusplus
|   choke me
| #endif
configure:4908: checking dependency style of gcc
configure:4998: result: gcc3
configure:5023: checking how to run the C preprocessor
configure:5058: gcc -E  conftest.c
configure:5064: $? = 0
configure:5096: gcc -E  conftest.c
conftest.c:11:28: ac_nonexistent.h: No such file or directory
configure:5102: $? = 1
configure: failed program was:
| /* confdefs.h.  */
| 
| #define PACKAGE_NAME ""
| #define PACKAGE_TARNAME ""
| #define PACKAGE_VERSION ""
| #define PACKAGE_STRING ""
| #define PACKAGE_BUGREPORT ""
| #define PACKAGE "xwine"
| #define VERSION "1.0.1"
| /* end confdefs.h.  */
| #include <ac_nonexistent.h>
configure:5141: result: gcc -E
configure:5165: gcc -E  conftest.c
configure:5171: $? = 0
configure:5203: gcc -E  conftest.c
conftest.c:11:28: ac_nonexistent.h: No such file or directory
configure:5209: $? = 1
configure: failed program was:
| /* confdefs.h.  */
| 
| #define PACKAGE_NAME ""
| #define PACKAGE_TARNAME ""
| #define PACKAGE_VERSION ""
| #define PACKAGE_STRING ""
| #define PACKAGE_BUGREPORT ""
| #define PACKAGE "xwine"
| #define VERSION "1.0.1"
| /* end confdefs.h.  */
| #include <ac_nonexistent.h>
configure:5253: checking for egrep
configure:5263: result: grep -E
configure:5268: checking for ANSI C header files
configure:5293: gcc -c -g -O2  conftest.c >&5
configure:5299: $? = 0
configure:5303: test -z 
			 || test ! -s conftest.err
configure:5306: $? = 0
configure:5309: test -s conftest.o
configure:5312: $? = 0
configure:5398: gcc -o conftest -g -O2   conftest.c  >&5
configure:5401: $? = 0
configure:5403: ./conftest
configure:5406: $? = 0
configure:5421: result: yes
configure:5441: checking what warning flags to pass to the C compiler
configure:5462: result: -Wall -Wunused
configure:5473: checking what language compliance flags to pass to the C compiler
configure:5489: result: 
configure:5511: checking for sys/types.h
configure:5527: gcc -c -g -O2 -Wall -Wunused   conftest.c >&5
configure:5533: $? = 0
configure:5537: test -z 
			 || test ! -s conftest.err
configure:5540: $? = 0
configure:5543: test -s conftest.o
configure:5546: $? = 0
configure:5557: result: yes
configure:5511: checking for sys/stat.h
configure:5527: gcc -c -g -O2 -Wall -Wunused   conftest.c >&5
configure:5533: $? = 0
configure:5537: test -z 
			 || test ! -s conftest.err
configure:5540: $? = 0
configure:5543: test -s conftest.o
configure:5546: $? = 0
configure:5557: result: yes
configure:5511: checking for stdlib.h
configure:5527: gcc -c -g -O2 -Wall -Wunused   conftest.c >&5
configure:5533: $? = 0
configure:5537: test -z 
			 || test ! -s conftest.err
configure:5540: $? = 0
configure:5543: test -s conftest.o
configure:5546: $? = 0
configure:5557: result: yes
configure:5511: checking for string.h
configure:5527: gcc -c -g -O2 -Wall -Wunused   conftest.c >&5
configure:5533: $? = 0
configure:5537: test -z 
			 || test ! -s conftest.err
configure:5540: $? = 0
configure:5543: test -s conftest.o
configure:5546: $? = 0
configure:5557: result: yes
configure:5511: checking for memory.h
configure:5527: gcc -c -g -O2 -Wall -Wunused   conftest.c >&5
configure:5533: $? = 0
configure:5537: test -z 
			 || test ! -s conftest.err
configure:5540: $? = 0
configure:5543: test -s conftest.o
configure:5546: $? = 0
configure:5557: result: yes
configure:5511: checking for strings.h
configure:5527: gcc -c -g -O2 -Wall -Wunused   conftest.c >&5
configure:5533: $? = 0
configure:5537: test -z 
			 || test ! -s conftest.err
configure:5540: $? = 0
configure:5543: test -s conftest.o
configure:5546: $? = 0
configure:5557: result: yes
configure:5511: checking for inttypes.h
configure:5527: gcc -c -g -O2 -Wall -Wunused   conftest.c >&5
configure:5533: $? = 0
configure:5537: test -z 
			 || test ! -s conftest.err
configure:5540: $? = 0
configure:5543: test -s conftest.o
configure:5546: $? = 0
configure:5557: result: yes
configure:5511: checking for stdint.h
configure:5527: gcc -c -g -O2 -Wall -Wunused   conftest.c >&5
configure:5533: $? = 0
configure:5537: test -z 
			 || test ! -s conftest.err
configure:5540: $? = 0
configure:5543: test -s conftest.o
configure:5546: $? = 0
configure:5557: result: yes
configure:5511: checking for unistd.h
configure:5527: gcc -c -g -O2 -Wall -Wunused   conftest.c >&5
configure:5533: $? = 0
configure:5537: test -z 
			 || test ! -s conftest.err
configure:5540: $? = 0
configure:5543: test -s conftest.o
configure:5546: $? = 0
configure:5557: result: yes
configure:5571: checking for pthread_create in -lpthread
configure:5601: gcc -o conftest -g -O2 -Wall -Wunused    conftest.c -lpthread   >&5
configure:5607: $? = 0
configure:5611: test -z 
			 || test ! -s conftest.err
configure:5614: $? = 0
configure:5617: test -s conftest
configure:5620: $? = 0
configure:5633: result: yes
configure:5994: checking for gtk-config
configure:6012: found /usr/bin/gtk-config
configure:6025: result: /usr/bin/gtk-config
configure:6033: checking for GTK - version >= 1.2.0
configure:6139: gcc -o conftest -g -O2 -Wall -Wunused  -I/usr/include/gtk-1.2 -I/usr/include/glib-1.2 -I/usr/lib/glib/include -I/usr/X11R6/include   conftest.c -L/usr/X11R6/lib -lgtk -lgdk -rdynamic -lgmodule -lglib -ldl -lXi -lXext -lX11 -lm  >&5
configure:6142: $? = 0
configure:6144: ./conftest
configure:6147: $? = 0
configure:6165: result: yes
configure:6282: checking for SmcSaveYourselfDone in -lSM
configure:6312: gcc -o conftest -g -O2 -Wall -Wunused   -I/usr/include/gtk-1.2 -I/usr/include/glib-1.2 -I/usr/lib/glib/include -I/usr/X11R6/include  -L/usr/X11R6/lib -lgtk -lgdk -rdynamic -lgmodule -lglib -ldl -lXi -lXext -lX11 -lm conftest.c -lSM  -lICE  >&5
configure:6318: $? = 0
configure:6322: test -z 
			 || test ! -s conftest.err
configure:6325: $? = 0
configure:6328: test -s conftest
configure:6331: $? = 0
configure:6344: result: yes
configure:6370: checking X11/SM/SMlib.h usability
configure:6382: gcc -c -g -O2 -Wall -Wunused   -I/usr/include/gtk-1.2 -I/usr/include/glib-1.2 -I/usr/lib/glib/include -I/usr/X11R6/include conftest.c >&5
configure:6388: $? = 0
configure:6392: test -z 
			 || test ! -s conftest.err
configure:6395: $? = 0
configure:6398: test -s conftest.o
configure:6401: $? = 0
configure:6411: result: yes
configure:6415: checking X11/SM/SMlib.h presence
configure:6425: gcc -E  -I/usr/include/gtk-1.2 -I/usr/include/glib-1.2 -I/usr/lib/glib/include -I/usr/X11R6/include conftest.c
configure:6431: $? = 0
configure:6451: result: yes
configure:6486: checking for X11/SM/SMlib.h
configure:6493: result: yes
configure:6518: checking for XpmFreeXpmImage in -lXpm
configure:6548: gcc -o conftest -g -O2 -Wall -Wunused   -I/usr/include/gtk-1.2 -I/usr/include/glib-1.2 -I/usr/lib/glib/include -I/usr/X11R6/include  -L/usr/X11R6/lib -lgtk -lgdk -rdynamic -lgmodule -lglib -ldl -lXi -lXext -lX11 -lm conftest.c -lXpm   >&5
configure:6554: $? = 0
configure:6558: test -z 
			 || test ! -s conftest.err
configure:6561: $? = 0
configure:6564: test -s conftest
configure:6567: $? = 0
configure:6580: result: yes
configure:6597: checking for xml2-config
configure:6615: found /usr/bin/xml2-config
configure:6628: result: /usr/bin/xml2-config
configure:6796: creating ./config.status

## ---------------- ##
## Cache variables. ##
## ---------------- ##

ac_cv_c_compiler_gnu=yes
ac_cv_env_CC_set=
ac_cv_env_CC_value=
ac_cv_env_CFLAGS_set=
ac_cv_env_CFLAGS_value=
ac_cv_env_CPPFLAGS_set=
ac_cv_env_CPPFLAGS_value=
ac_cv_env_CPP_set=
ac_cv_env_CPP_value=
ac_cv_env_LDFLAGS_set=
ac_cv_env_LDFLAGS_value=
ac_cv_env_build_alias_set=
ac_cv_env_build_alias_value=
ac_cv_env_host_alias_set=
ac_cv_env_host_alias_value=
ac_cv_env_target_alias_set=
ac_cv_env_target_alias_value=
ac_cv_exeext=
ac_cv_header_X11_SM_SMlib_h=yes
ac_cv_header_inttypes_h=yes
ac_cv_header_memory_h=yes
ac_cv_header_stdc=yes
ac_cv_header_stdint_h=yes
ac_cv_header_stdlib_h=yes
ac_cv_header_string_h=yes
ac_cv_header_strings_h=yes
ac_cv_header_sys_stat_h=yes
ac_cv_header_sys_types_h=yes
ac_cv_header_unistd_h=yes
ac_cv_lib_SM_SmcSaveYourselfDone=yes
ac_cv_lib_Xpm_XpmFreeXpmImage=yes
ac_cv_lib_pthread_pthread_create=yes
ac_cv_objext=o
ac_cv_path_GNOME_CONFIG=/usr/bin/gnome-config
ac_cv_path_GTK_CONFIG=/usr/bin/gtk-config
ac_cv_path_ORBIT_CONFIG=no
ac_cv_path_ORBIT_IDL=no
ac_cv_path_XML2_CONFIG=/usr/bin/xml2-config
ac_cv_path_install='/usr/bin/install -c'
ac_cv_prog_AWK=gawk
ac_cv_prog_CPP='gcc -E'
ac_cv_prog_ac_ct_CC=gcc
ac_cv_prog_cc_g=yes
ac_cv_prog_cc_stdc=
ac_cv_prog_egrep='grep -E'
ac_cv_prog_make_make_set=yes
ac_cv_search_strerror='none required'
am_cv_CC_dependencies_compiler_type=gcc3
am_cv_prog_cc_stdc=
gnome_cv_gnorba_found=no
gnome_cv_orbit_found=no
gnome_cv_passdown_GTK_LIBS='-L/usr/X11R6/lib -lgtk -lgdk -rdynamic -lgmodule -lglib -ldl -lXi -lXext -lX11 -lm'
gnome_cv_passdown_X_CFLAGS='-I/usr/include/gtk-1.2 -I/usr/include/glib-1.2 -I/usr/lib/glib/include -I/usr/X11R6/include'
gnome_cv_passdown_X_LIBS='-L/usr/X11R6/lib -lgtk -lgdk -rdynamic -lgmodule -lglib -ldl -lXi -lXext -lX11 -lm'
gnome_cv_passdown_x_libs='-L/usr/X11R6/lib -lgtk -lgdk -rdynamic -lgmodule -lglib -ldl -lXi -lXext -lX11 -lm'

## ----------------- ##
## Output variables. ##
## ----------------- ##

ACLOCAL='${SHELL} /home/darken/Etude/Projets/xwine-1.0.1/missing --run aclocal-1.9 -I macros'
AMDEPBACKSLASH='\'
AMDEP_FALSE='#'
AMDEP_TRUE=''
AMTAR='${SHELL} /home/darken/Etude/Projets/xwine-1.0.1/missing --run tar'
AUTOCONF='${SHELL} /home/darken/Etude/Projets/xwine-1.0.1/missing --run autoconf'
AUTOHEADER='${SHELL} /home/darken/Etude/Projets/xwine-1.0.1/missing --run autoheader'
AUTOMAKE='${SHELL} /home/darken/Etude/Projets/xwine-1.0.1/missing --run automake-1.9'
AWK='gawk'
CC='gcc'
CCDEPMODE='depmode=gcc3'
CFLAGS='-g -O2 -Wall -Wunused '
CPP='gcc -E'
CPPFLAGS=' -I/usr/include/gtk-1.2 -I/usr/include/glib-1.2 -I/usr/lib/glib/include -I/usr/X11R6/include'
CYGPATH_W='echo'
DEFS='-DHAVE_CONFIG_H'
DEPDIR='.deps'
ECHO_C=''
ECHO_N='-n'
ECHO_T=''
EGREP='grep -E'
EXEEXT=''
GNOMEGNORBA_LIBS='-rdynamic -lgnorba -lORBitCosNaming -lORBit -lIIOP -lORBitutil -lgnomeui -lart_lgpl -lgdk_imlib -lSM -lICE -lgtk -lgdk -lgmodule -ldl -lXi -lXext -lX11 -lgnome -lgnomesupport -laudiofile -lm -ldb-4.2 -lglib'
GNOMEUI_LIBS='-rdynamic -lgnomeui -lart_lgpl -lgdk_imlib -lSM -lICE -lgtk -lgdk -lgmodule -ldl -lXi -lXext -lX11 -lgnome -lgnomesupport -laudiofile -lm -ldb-4.2 -lglib'
GNOME_APPLETS_LIBS=''
GNOME_CAPPLET_LIBS=''
GNOME_CONFIG='/usr/bin/gnome-config'
GNOME_DOCKLETS_LIBS=''
GNOME_INCLUDEDIR='-I/usr/include/gnome-1.0 -DNEED_GNOMESUPPORT_H -I/usr/lib/gnome-libs/include -I/usr/include/glib-1.2 -I/usr/lib/glib/include -I/usr/include/orbit-1.0 -I/usr/include/gtk-1.2 -I/usr/X11R6/include'
GNOME_LIBDIR='-rdynamic -L/usr/lib -L/usr/X11R6/lib'
GNOME_LIBS='-lgnome -lgnomesupport -laudiofile -lm -ldb-4.2 -lglib'
GNORBA_CFLAGS=''
GNORBA_LIBS=''
GTKXMHTML_LIBS='-rdynamic -lgtkxmhtml -lXpm -ljpeg -lpng -lz -lSM -lICE -lgtk -lgdk -lgmodule -lglib -ldl -lXi -lXext -lX11 -lm'
GTK_CFLAGS='-I/usr/include/gtk-1.2 -I/usr/include/glib-1.2 -I/usr/lib/glib/include -I/usr/X11R6/include'
GTK_CONFIG='/usr/bin/gtk-config'
GTK_LIBS='-lSM -lICE -L/usr/X11R6/lib -lgtk -lgdk -rdynamic -lgmodule -lglib -ldl -lXi -lXext -lX11 -lm'
HAVE_GNORBA_FALSE=''
HAVE_GNORBA_TRUE='#'
HAVE_ORBIT_FALSE=''
HAVE_ORBIT_TRUE='#'
INSIDE_GNOME_COMMON_FALSE=''
INSIDE_GNOME_COMMON_TRUE='#'
INSTALL_DATA='${INSTALL} -m 644'
INSTALL_PROGRAM='${INSTALL}'
INSTALL_SCRIPT='${INSTALL}'
INSTALL_STRIP_PROGRAM='${SHELL} $(install_sh) -c -s'
LDFLAGS=''
LIBOBJS=''
LIBS=''
LTLIBOBJS=''
MAKEINFO='${SHELL} /home/darken/Etude/Projets/xwine-1.0.1/missing --run makeinfo'
OBJEXT='o'
ORBIT_CFLAGS=''
ORBIT_CONFIG='no'
ORBIT_IDL='no'
ORBIT_LIBS=''
PACKAGE='xwine'
PACKAGE_BUGREPORT=''
PACKAGE_NAME=''
PACKAGE_STRING=''
PACKAGE_TARNAME=''
PACKAGE_VERSION=''
PATH_SEPARATOR=':'
PTHREAD_LIB='-lpthread'
SET_MAKE=''
SHELL='/bin/sh'
STRIP=''
VERSION='1.0.1'
XML2_CFLAGS='-I/usr/include/libxml2'
XML2_CONFIG='/usr/bin/xml2-config'
XML2_LIB='-lxml2 -lz -lpthread -lm'
XPM_LIBS='-lXpm'
ZVT_LIBS='-rdynamic -lzvt -lutil -lSM -lICE -lgdk_imlib -lgtk -lgdk -lgmodule -lglib -ldl -lXi -lXext -lX11 -lm'
ac_ct_CC='gcc'
ac_ct_STRIP=''
am__fastdepCC_FALSE='#'
am__fastdepCC_TRUE=''
am__include='include'
am__leading_dot='.'
am__quote=''
am__tar='${AMTAR} chof - "$$tardir"'
am__untar='${AMTAR} xf -'
bindir='${exec_prefix}/bin'
build_alias=''
cflags_set='yes'
datadir='${prefix}/share'
exec_prefix='${prefix}'
host_alias=''
includedir='${prefix}/include'
infodir='${prefix}/info'
install_sh='/home/darken/Etude/Projets/xwine-1.0.1/install-sh'
libdir='${exec_prefix}/lib'
libexecdir='${exec_prefix}/libexec'
localstatedir='${prefix}/var'
mandir='${prefix}/man'
mkdir_p='mkdir -p --'
oldincludedir='/usr/include'
prefix='/usr/local'
program_transform_name='s,x,x,'
sbindir='${exec_prefix}/sbin'
sharedstatedir='${prefix}/com'
sysconfdir='${prefix}/etc'
target_alias=''

## ----------- ##
## confdefs.h. ##
## ----------- ##

#define HAVE_INTTYPES_H 1
#define HAVE_LIBSM 1
#define HAVE_MEMORY_H 1
#define HAVE_STDINT_H 1
#define HAVE_STDLIB_H 1
#define HAVE_STRINGS_H 1
#define HAVE_STRING_H 1
#define HAVE_SYS_STAT_H 1
#define HAVE_SYS_TYPES_H 1
#define HAVE_UNISTD_H 1
#define HAVE_X11_SM_SMLIB_H 1
#define PACKAGE "xwine"
#define PACKAGE_BUGREPORT ""
#define PACKAGE_NAME ""
#define PACKAGE_STRING ""
#define PACKAGE_TARNAME ""
#define PACKAGE_VERSION ""
#define STDC_HEADERS 1
#define VERSION "1.0.1"

configure: exit 0

## ---------------------- ##
## Running config.status. ##
## ---------------------- ##

This file was extended by config.status, which was
generated by GNU Autoconf 2.59.  Invocation command line was

  CONFIG_FILES    = 
  CONFIG_HEADERS  = 
  CONFIG_LINKS    = 
  CONFIG_COMMANDS = 
  $ ./config.status 

on localhost

config.status:723: creating Makefile
config.status:723: creating macros/Makefile
config.status:723: creating src/Makefile
config.status:827: creating config.h
config.status:937: config.h is unchanged
config.status:1117: executing depfiles commands

## ---------------------- ##
## Running config.status. ##
## ---------------------- ##

This file was extended by config.status, which was
generated by GNU Autoconf 2.59.  Invocation command line was

  CONFIG_FILES    = 
  CONFIG_HEADERS  = 
  CONFIG_LINKS    = 
  CONFIG_COMMANDS = 
  $ ./config.status config.h

on localhost

config.status:827: creating config.h
config.status:937: config.h is unchanged
